::1 - - [11/Jan/2019:09:23:44 +0000] "GET / HTTP/1.1" 200 33
::1 - - [11/Jan/2019:09:47:22 +0000] "GET / HTTP/1.1" 200 30
::1 - - [11/Jan/2019:09:47:47 +0000] "GET /user HTTP/1.1" 200 30
::1 - - [11/Jan/2019:09:59:35 +0000] "GET /user HTTP/1.1" 200 30
::1 - - [11/Jan/2019:10:01:02 +0000] "GET / HTTP/1.1" 200 30
::1 - - [11/Jan/2019:10:03:15 +0000] "GET / HTTP/1.1" 200 2
::1 - - [11/Jan/2019:11:01:42 +0000] "GET /user HTTP/1.1" 200 10
::1 - - [11/Jan/2019:11:02:03 +0000] "GET /user HTTP/1.1" 200 10
::1 - - [11/Jan/2019:12:38:15 +0000] "POST /user HTTP/1.1" 404 2141
::1 - - [11/Jan/2019:12:44:50 +0000] "POST /users HTTP/1.1" - -
::1 - - [11/Jan/2019:12:45:38 +0000] "GET /users HTTP/1.1" 200 10
::1 - - [11/Jan/2019:12:50:04 +0000] "POST /users HTTP/1.1" - -
::1 - - [11/Jan/2019:12:54:57 +0000] "POST /users HTTP/1.1" - -
::1 - - [11/Jan/2019:13:13:25 +0000] "POST /users HTTP/1.1" - -
::1 - - [11/Jan/2019:13:15:03 +0000] "GET /user HTTP/1.1" 404 33
::1 - - [11/Jan/2019:13:17:52 +0000] "GET /user HTTP/1.1" 404 2141
::1 - - [11/Jan/2019:13:19:13 +0000] "GET /users HTTP/1.1" 200 10
::1 - - [11/Jan/2019:13:22:23 +0000] "POST /users HTTP/1.1" - -
::1 - - [11/Jan/2019:13:38:32 +0000] "POST /users HTTP/1.1" - -
::1 - - [11/Jan/2019:13:44:01 +0000] "POST /users HTTP/1.1" 201 124
::1 - - [11/Jan/2019:13:53:36 +0000] "GET /users HTTP/1.1" 200 125
::1 - - [11/Jan/2019:13:56:30 +0000] "POST /users HTTP/1.1" 500 12
::1 - - [11/Jan/2019:13:57:34 +0000] "POST /users HTTP/1.1" 500 12
::1 - - [11/Jan/2019:13:58:38 +0000] "POST /users HTTP/1.1" 201 133
::1 - - [11/Jan/2019:13:59:23 +0000] "POST /users HTTP/1.1" 201 127
::1 - - [11/Jan/2019:14:03:09 +0000] "GET /users HTTP/1.1" 200 247
::1 - - [11/Jan/2019:14:19:45 +0000] "POST /users HTTP/1.1" 201 129
::1 - - [11/Jan/2019:14:22:22 +0000] "GET /users HTTP/1.1" 201 366
::1 - - [11/Jan/2019:14:23:20 +0000] "POST /users HTTP/1.1" 201 125
::1 - - [11/Jan/2019:14:32:43 +0000] "GET /users HTTP/1.1" 201 483
::1 - - [11/Jan/2019:14:50:38 +0000] "GET /users/?userId=5c38a13b0c3ec55290b7a30d HTTP/1.1" 201 483
::1 - - [11/Jan/2019:14:53:11 +0000] "GET /users/5c38a13b0c3ec55290b7a30d HTTP/1.1" - -
::1 - - [12/Jan/2019:05:03:13 +0000] "GET /users/5c38a13b0c3ec55290b7a30d HTTP/1.1" 200 4
::1 - - [12/Jan/2019:05:03:39 +0000] "GET /users/5c38a6d8282ac000c8f8c763 HTTP/1.1" 200 4
::1 - - [12/Jan/2019:05:04:19 +0000] "GET /users/5c38a13b0c3ec55290b7a30d HTTP/1.1" 200 4
::1 - - [12/Jan/2019:05:04:31 +0000] "GET /users HTTP/1.1" 201 483
::1 - - [12/Jan/2019:05:05:01 +0000] "GET /users/5c38a60184158443e8bcf1ea HTTP/1.1" 200 4
::1 - - [12/Jan/2019:05:05:47 +0000] "GET /users/5c38a60184158443e8bcf1ea HTTP/1.1" 200 13
::1 - - [12/Jan/2019:06:05:04 +0000] "GET /users/5c38a60184158443e8bcf1ea HTTP/1.1" 200 13
::1 - - [12/Jan/2019:06:07:05 +0000] "GET /users HTTP/1.1" 201 483
::1 - - [12/Jan/2019:06:07:14 +0000] "GET /users/5c389da0c489f231bc67fae6 HTTP/1.1" 201 13
::1 - - [12/Jan/2019:06:07:35 +0000] "GET /users/5c389da0c489f231bc67fae6 HTTP/1.1" 201 13
::1 - - [12/Jan/2019:06:07:58 +0000] "GET /users/5c389da0c489f231bc67fae6 HTTP/1.1" 200 13
::1 - - [12/Jan/2019:06:08:38 +0000] "GET /users HTTP/1.1" 201 127
::1 - - [12/Jan/2019:06:09:44 +0000] "POST /users HTTP/1.1" 201 125
::1 - - [12/Jan/2019:06:09:57 +0000] "GET /users HTTP/1.1" 201 244
::1 - - [12/Jan/2019:06:10:06 +0000] "GET /users/5c389da0c489f231bc67fae6 HTTP/1.1" 200 13
::1 - - [12/Jan/2019:06:10:19 +0000] "GET /users/5c3984a7781ef30e0c984797 HTTP/1.1" 200 13
::1 - - [12/Jan/2019:06:10:44 +0000] "GET /users/5c3984a7781ef30e0c984797 HTTP/1.1" 200 13
::1 - - [12/Jan/2019:06:15:23 +0000] "GET /users/5c3984a7781ef30e0c984797 HTTP/1.1" 200 13
::1 - - [12/Jan/2019:06:16:08 +0000] "GET /users/5c3984a7781ef30e0c984797 HTTP/1.1" 200 125
::1 - - [12/Jan/2019:06:16:38 +0000] "GET /users/5c38a6d8282ac000c8f8c763 HTTP/1.1" 200 125
::1 - - [12/Jan/2019:06:19:35 +0000] "PUT /users/5c38a6d8282ac000c8f8c763 HTTP/1.1" - -
::1 - - [12/Jan/2019:06:20:24 +0000] "PUT /users/5c38a6d8282ac000c8f8c763 HTTP/1.1" - -
::1 - - [12/Jan/2019:06:28:31 +0000] "PUT /users/5c38a6d8282ac000c8f8c763 HTTP/1.1" - -
::1 - - [12/Jan/2019:06:28:48 +0000] "PUT /users/5c38a6d8282ac000c8f8c763 HTTP/1.1" - -
::1 - - [12/Jan/2019:06:32:56 +0000] "GET /users HTTP/1.1" 201 248
::1 - - [12/Jan/2019:06:38:18 +0000] "GET /users HTTP/1.1" 201 256
::1 - - [12/Jan/2019:06:41:00 +0000] "PUT /users/5c3984a7781ef30e0c984797 HTTP/1.1" 200 128
::1 - - [12/Jan/2019:06:44:34 +0000] "GET /users HTTP/1.1" 201 251
::1 - - [12/Jan/2019:06:45:17 +0000] "PUT /users/5c3984a7781ef30e0c984797 HTTP/1.1" 200 128
::1 - - [12/Jan/2019:06:45:35 +0000] "GET /users HTTP/1.1" 201 251
::1 - - [12/Jan/2019:06:47:56 +0000] "GET /users HTTP/1.1" 201 251
::1 - - [12/Jan/2019:06:48:00 +0000] "GET /users HTTP/1.1" 201 251
::1 - - [12/Jan/2019:06:48:27 +0000] "PUT /users/5c3984a7781ef30e0c984797 HTTP/1.1" 200 137
::1 - - [12/Jan/2019:06:52:02 +0000] "GET /users HTTP/1.1" 201 260
::1 - - [12/Jan/2019:06:52:10 +0000] "PATCH /users/5c3984a7781ef30e0c984797 HTTP/1.1" 200 137
::1 - - [12/Jan/2019:16:25:36 +0000] "GET /users HTTP/1.1" 201 260
::1 - - [12/Jan/2019:16:25:53 +0000] "GET /users HTTP/1.1" 201 139
::1 - - [12/Jan/2019:16:26:46 +0000] "PATCH /users/5c3984a7781ef30e0c984797 HTTP/1.1" 500 12
::1 - - [12/Jan/2019:16:27:06 +0000] "PATCH /users/5c3984a7781ef30e0c984797 HTTP/1.1" 500 12
::1 - - [12/Jan/2019:16:28:01 +0000] "PATCH /users/5c3984a7781ef30e0c984797 HTTP/1.1" 200 13
::1 - - [12/Jan/2019:16:28:15 +0000] "GET /users HTTP/1.1" 201 139
::1 - - [12/Jan/2019:16:28:59 +0000] "PATCH /users/5c3984a7781ef30e0c984797 HTTP/1.1" 500 12
::1 - - [12/Jan/2019:16:29:13 +0000] "PATCH /users/5c3984a7781ef30e0c984797 HTTP/1.1" 200 137
::1 - - [12/Jan/2019:16:29:16 +0000] "GET /users HTTP/1.1" 201 139
::1 - - [12/Jan/2019:17:01:56 +0000] "POST /users/5c3984a7781ef30e0c984797/cars HTTP/1.1" 201 158
::1 - - [12/Jan/2019:17:02:12 +0000] "GET /users HTTP/1.1" 201 165
::1 - - [12/Jan/2019:17:02:43 +0000] "POST /users/5c3984a7781ef30e0c984797/cars HTTP/1.1" 201 154
::1 - - [12/Jan/2019:17:03:38 +0000] "POST /users HTTP/1.1" 404 33
::1 - - [12/Jan/2019:17:04:49 +0000] "GET /users/5c3984a7781ef30e0c984797/cars HTTP/1.1" - -
::1 - - [12/Jan/2019:17:05:48 +0000] "POST /users HTTP/1.1" 201 125
::1 - - [12/Jan/2019:17:05:55 +0000] "GET /users HTTP/1.1" 201 309
::1 - - [12/Jan/2019:17:07:03 +0000] "POST /users/5c3a1e6ce8a2964174a123a6/cars HTTP/1.1" 201 151
::1 - - [12/Jan/2019:17:11:31 +0000] "GET /users HTTP/1.1" 201 337
::1 - - [12/Jan/2019:17:11:39 +0000] "POST /users HTTP/1.1" 201 126
::1 - - [12/Jan/2019:17:11:56 +0000] "GET /users/5c3984a7781ef30e0c984797/cars HTTP/1.1" - -
::1 - - [12/Jan/2019:17:12:20 +0000] "GET /users/5c3984a7781ef30e0c984797/cars HTTP/1.1" - -
::1 - - [12/Jan/2019:17:12:26 +0000] "POST /users/5c3a1e6ce8a2964174a123a6/cars HTTP/1.1" 201 158
::1 - - [12/Jan/2019:17:12:33 +0000] "GET /users HTTP/1.1" 201 482
::1 - - [12/Jan/2019:17:13:12 +0000] "POST /users HTTP/1.1" 201 126
::1 - - [12/Jan/2019:17:17:30 +0000] "GET /users/5c3984a7781ef30e0c984797/cars HTTP/1.1" - -
::1 - - [12/Jan/2019:17:18:50 +0000] "GET /users/5c3984a7781ef30e0c984797/cars HTTP/1.1" 200 293
::1 - - [12/Jan/2019:17:23:46 +0000] "GET /users/qwertyuiosdfghjk/cars HTTP/1.1" - -
::1 - - [12/Jan/2019:17:24:20 +0000] "GET /users/wer5678opasdfghujikol HTTP/1.1" 500 12
::1 - - [12/Jan/2019:21:03:19 +0000] "GET /users HTTP/1.1" 201 600
::1 - - [12/Jan/2019:21:04:01 +0000] "GET /users/5c3a1fcb37c282045884d15d HTTP/1.1" 500 12
::1 - - [12/Jan/2019:21:04:30 +0000] "GET /users/5c3a1fcb37c282045884d15d HTTP/1.1" 200 126
::1 - - [12/Jan/2019:21:05:37 +0000] "GET /users/5c3a1fcb37c282045884d15d_ HTTP/1.1" 500 12
::1 - - [12/Jan/2019:21:06:27 +0000] "GET /users/5c3a1fcb37c282045884d15d_ HTTP/1.1" 500 2150
::1 - - [12/Jan/2019:21:06:51 +0000] "GET /users HTTP/1.1" 201 600
::1 - - [12/Jan/2019:21:06:55 +0000] "GET /users/5c3a1fcb37c282045884d15d_ HTTP/1.1" 500 12
::1 - - [12/Jan/2019:21:31:01 +0000] "GET /users/5c3a1fcb37c282045884d15d HTTP/1.1" 500 42
::1 - - [12/Jan/2019:21:31:58 +0000] "GET /users/5c3a1fcb37c282045884d15d HTTP/1.1" - -
::1 - - [12/Jan/2019:21:33:10 +0000] "GET /users/5c3a1fcb37c282045884d15d HTTP/1.1" - -
::1 - - [13/Jan/2019:09:47:46 +0000] "GET /users/5c3a1fcb37c282045884d15d HTTP/1.1" 200 126
::1 - - [13/Jan/2019:09:52:03 +0000] "GET /users/5c3a1fcb37c282045884d15d HTTP/1.1" 200 126
::1 - - [13/Jan/2019:09:52:52 +0000] "GET /users/5c3a1fcb37c282045884d15d HTTP/1.1" 200 126
::1 - - [13/Jan/2019:09:53:23 +0000] "GET /users/5c3a1fcb37c282045884d15d HTTP/1.1" 200 126
::1 - - [13/Jan/2019:10:08:56 +0000] "GET /users/5c3a1fcb37c282045884d15d HTTP/1.1" 200 126
::1 - - [13/Jan/2019:10:11:30 +0000] "GET /users/5c3a1fcb37c282045884d15d HTTP/1.1" 200 126
::1 - - [13/Jan/2019:10:13:42 +0000] "GET /users/5c3a1fcb37c282045884d15d HTTP/1.1" 200 13
::1 - - [13/Jan/2019:10:14:25 +0000] "GET /users/5c3a1fcb37c282045884d15d HTTP/1.1" 200 126
::1 - - [13/Jan/2019:10:17:39 +0000] "GET /users/5c3a1fcb37c282045884d15d HTTP/1.1" 200 13
::1 - - [13/Jan/2019:10:18:18 +0000] "GET /users/5c3a1fcb37c282045884d15d HTTP/1.1" 200 126
::1 - - [13/Jan/2019:10:18:52 +0000] "GET /users/5c3a1fcb37c282045884d15dzx HTTP/1.1" 400 359
::1 - - [13/Jan/2019:10:19:31 +0000] "GET /users/5c3a1fcb37c282045884d15d HTTP/1.1" 200 126
::1 - - [13/Jan/2019:11:24:41 +0000] "POST /users HTTP/1.1" 201 124
::1 - - [13/Jan/2019:11:25:12 +0000] "POST /users HTTP/1.1" 400 289
::1 - - [13/Jan/2019:11:25:40 +0000] "POST /users HTTP/1.1" 400 285
::1 - - [13/Jan/2019:11:26:02 +0000] "POST /users HTTP/1.1" 400 270
::1 - - [13/Jan/2019:11:26:25 +0000] "POST /users HTTP/1.1" 201 120
::1 - - [13/Jan/2019:11:26:36 +0000] "GET /users HTTP/1.1" 201 828
::1 - - [13/Jan/2019:11:28:46 +0000] "POST /users HTTP/1.1" 201 124
::1 - - [13/Jan/2019:11:31:00 +0000] "POST /users HTTP/1.1" 201 126
::1 - - [13/Jan/2019:11:32:53 +0000] "POST /users HTTP/1.1" 201 123
::1 - - [13/Jan/2019:12:51:13 +0000] "PUT /users/5c3984a7781ef30e0c984797 HTTP/1.1" 200 180
::1 - - [13/Jan/2019:12:51:27 +0000] "GET /users HTTP/1.1" 201 1166
::1 - - [13/Jan/2019:12:51:49 +0000] "GET /users HTTP/1.1" 201 1166
::1 - - [13/Jan/2019:12:52:15 +0000] "PUT /users/5c3984a7781ef30e0c984797 HTTP/1.1" 400 223
::1 - - [13/Jan/2019:12:54:06 +0000] "PATCH /users/5c3984a7781ef30e0c984797 HTTP/1.1" - -
::1 - - [13/Jan/2019:12:54:13 +0000] "GET /users HTTP/1.1" 201 1166
::1 - - [13/Jan/2019:12:54:16 +0000] "GET /users HTTP/1.1" 201 1166
::1 - - [13/Jan/2019:12:54:32 +0000] "GET /users/5c3984a7781ef30e0c984797 HTTP/1.1" 200 180
::1 - - [13/Jan/2019:12:58:08 +0000] "PUT /users/5c3a1fcb37c282045884d15d HTTP/1.1" 400 223
::1 - - [13/Jan/2019:12:59:24 +0000] "PUT /users/5c3a1fcb37c282045884d15d HTTP/1.1" 200 126
::1 - - [13/Jan/2019:12:59:34 +0000] "GET /users HTTP/1.1" 201 1166
::1 - - [13/Jan/2019:12:59:36 +0000] "GET /users HTTP/1.1" 201 1166
::1 - - [13/Jan/2019:12:59:59 +0000] "GET /users/5c3a1fcb37c282045884d15d HTTP/1.1" 200 126
::1 - - [13/Jan/2019:13:04:29 +0000] "GET /users/5c3a1fcb37c282045884d15d HTTP/1.1" 200 126
::1 - - [13/Jan/2019:13:08:04 +0000] "PATCH /users/5c3a1fcb37c282045884d15d HTTP/1.1" 400 249
::1 - - [13/Jan/2019:13:09:47 +0000] "GET /users/5c3a1fcb37c282045884d15d HTTP/1.1" 200 126
::1 - - [13/Jan/2019:13:09:51 +0000] "PATCH /users/5c3a1fcb37c282045884d15d HTTP/1.1" 200 137
::1 - - [13/Jan/2019:13:10:02 +0000] "GET /users/5c3a1fcb37c282045884d15d HTTP/1.1" 200 137
::1 - - [13/Jan/2019:13:23:41 +0000] "GET /users/5c3a1fcb37c282045884d15d HTTP/1.1" 200 137
::1 - - [13/Jan/2019:13:23:46 +0000] "PATCH /users/5c3a1fcb37c282045884d15d HTTP/1.1" 200 142
::1 - - [13/Jan/2019:13:23:53 +0000] "GET /users/5c3a1fcb37c282045884d15d HTTP/1.1" 200 142
::1 - - [13/Jan/2019:13:40:24 +0000] "GET /users/5c3984a7781ef30e0c984797/cars HTTP/1.1" 200 293
::1 - - [13/Jan/2019:13:41:22 +0000] "GET /users/5c3984a7781ef30e0c98479i7/cars HTTP/1.1" 400 356
::1 - - [13/Jan/2019:13:41:29 +0000] "GET /users/5c3984a7781ef30e0c984797/cars HTTP/1.1" 200 293
::1 - - [13/Jan/2019:13:48:30 +0000] "GET /users/5c3a1fcb37c282045884d15d HTTP/1.1" 200 142
::1 - - [13/Jan/2019:13:48:51 +0000] "GET /users/5c3a1fcb37c282045884d15d HTTP/1.1" 200 142
::1 - - [13/Jan/2019:13:49:49 +0000] "GET /users/5c3a1fcb37c282045884d15d HTTP/1.1" 200 142
::1 - - [13/Jan/2019:13:50:16 +0000] "POST /users/5c3a1fcb37c282045884d15d/cars HTTP/1.1" - -
::1 - - [13/Jan/2019:13:51:35 +0000] "GET /users HTTP/1.1" 201 1182
::1 - - [13/Jan/2019:13:51:51 +0000] "GET /users/5c3b20ee1af5965e045db0df HTTP/1.1" 200 124
::1 - - [13/Jan/2019:13:52:03 +0000] "GET /users/5c3b20ee1af5965e045db0df/cars HTTP/1.1" 200 2
::1 - - [13/Jan/2019:13:53:37 +0000] "POST /users/5c3b20ee1af5965e045db0df/cars HTTP/1.1" - -
::1 - - [13/Jan/2019:13:55:45 +0000] "GET /users/5c3b20ee1af5965e045db0df HTTP/1.1" 200 124
::1 - - [13/Jan/2019:13:55:49 +0000] "GET /users/5c3b20ee1af5965e045db0df/cars HTTP/1.1" 200 2
::1 - - [13/Jan/2019:13:59:42 +0000] "GET /users/5c3b20ee1af5965e045db0df HTTP/1.1" 200 124
::1 - - [13/Jan/2019:13:59:45 +0000] "GET /users/5c3b20ee1af5965e045db0df/cars HTTP/1.1" 200 2
::1 - - [13/Jan/2019:14:02:10 +0000] "POST /users/5c3b20ee1af5965e045db0df/cars HTTP/1.1" - -
::1 - - [13/Jan/2019:14:03:49 +0000] "GET /users/5c3b20ee1af5965e045db0df HTTP/1.1" 200 124
::1 - - [13/Jan/2019:14:03:54 +0000] "GET /users/5c3b20ee1af5965e045db0df2 HTTP/1.1" 400 356
::1 - - [13/Jan/2019:14:04:00 +0000] "GET /users/5c3b20ee1af5965e045db0df HTTP/1.1" 200 124
::1 - - [13/Jan/2019:14:04:58 +0000] "POST /users/5c3b20ee1af5965e045db0df/cars HTTP/1.1" 201 144
::1 - - [13/Jan/2019:14:05:08 +0000] "GET /users/5c3b20ee1af5965e045db0df HTTP/1.1" 200 150
::1 - - [13/Jan/2019:14:06:44 +0000] "POST /users/5c3b20ee1af5965e045db0df/cars HTTP/1.1" 201 147
::1 - - [13/Jan/2019:14:06:52 +0000] "GET /users/5c3b20ee1af5965e045db0df HTTP/1.1" 200 177
::1 - - [13/Jan/2019:14:10:54 +0000] "POST /users/5c3b20ee1af5965e045db0df/cars HTTP/1.1" 400 221
::1 - - [13/Jan/2019:14:12:08 +0000] "GET /users/5c3b20ee1af5965e045db0df HTTP/1.1" 200 177
::1 - - [13/Jan/2019:14:12:14 +0000] "POST /users/5c3b20ee1af5965e045db0df/cars HTTP/1.1" 201 148
::1 - - [13/Jan/2019:14:12:19 +0000] "GET /users/5c3b20ee1af5965e045db0df HTTP/1.1" 200 204
::1 - - [13/Jan/2019:14:12:27 +0000] "GET /users/5c3b20ee1af5965e045db0df/cars HTTP/1.1" 200 410
::1 - - [13/Jan/2019:14:34:28 +0000] "GET /cars HTTP/1.1" 404 33
::1 - - [13/Jan/2019:14:38:58 +0000] "GET /cars HTTP/1.1" 201 1264
::1 - - [13/Jan/2019:15:05:40 +0000] "GET / HTTP/1.1" 200 30
::1 - - [13/Jan/2019:15:05:50 +0000] "GET /users HTTP/1.1" 201 1262
::1 - - [13/Jan/2019:15:06:53 +0000] "POST /users HTTP/1.1" 201 124
::1 - - [13/Jan/2019:15:07:06 +0000] "GET /users HTTP/1.1" 201 1378
::1 - - [13/Jan/2019:15:07:32 +0000] "POST /users HTTP/1.1" 400 217
::1 - - [14/Jan/2019:03:09:39 +0000] "POST /users HTTP/1.1" 201 128
::1 - - [14/Jan/2019:03:10:33 +0000] "GET /cars HTTP/1.1" 201 1264
::1 - - [14/Jan/2019:03:28:09 +0000] "POST /cars/ HTTP/1.1" 400 181
::1 - - [14/Jan/2019:03:29:03 +0000] "GET /cars HTTP/1.1" 200 1264
::1 - - [14/Jan/2019:03:29:19 +0000] "POST /cars/ HTTP/1.1" 400 308
::1 - - [14/Jan/2019:03:33:28 +0000] "POST /cars/ HTTP/1.1" 400 361
::1 - - [14/Jan/2019:03:33:53 +0000] "POST /cars/ HTTP/1.1" 400 347
::1 - - [14/Jan/2019:03:35:51 +0000] "POST /cars/ HTTP/1.1" 400 347
::1 - - [14/Jan/2019:03:37:25 +0000] "POST /cars/ HTTP/1.1" 201 115
::1 - - [14/Jan/2019:03:37:34 +0000] "GET /cars HTTP/1.1" 200 1372
::1 - - [14/Jan/2019:03:39:25 +0000] "GET /users/5c3984a7781ef30e0c984797 HTTP/1.1" 200 207
::1 - - [14/Jan/2019:03:43:22 +0000] "GET /cars HTTP/1.1" 200 1372
::1 - - [14/Jan/2019:03:43:35 +0000] "POST /cars/ HTTP/1.1" 201 151
::1 - - [14/Jan/2019:03:43:42 +0000] "GET /cars HTTP/1.1" 200 1516
::1 - - [14/Jan/2019:03:52:43 +0000] "POST /cars/ HTTP/1.1" 201 151
::1 - - [14/Jan/2019:03:53:09 +0000] "GET /cars HTTP/1.1" 200 1660
::1 - - [14/Jan/2019:03:54:45 +0000] "POST /cars/ HTTP/1.1" 201 144
::1 - - [14/Jan/2019:03:54:49 +0000] "GET /cars HTTP/1.1" 200 1797
::1 - - [14/Jan/2019:04:02:59 +0000] "GET /cars/5c3c05675e7c58614cd06641 HTTP/1.1" 500 12
::1 - - [14/Jan/2019:04:04:02 +0000] "GET /cars/5c3c05675e7c58614cd06641 HTTP/1.1" 200 15
::1 - - [14/Jan/2019:04:04:17 +0000] "GET /cars HTTP/1.1" 200 1797
::1 - - [14/Jan/2019:04:06:41 +0000] "GET /cars/5c3a1d843ff77a179405bb0b HTTP/1.1" 200 15
::1 - - [14/Jan/2019:04:08:10 +0000] "GET /cars/5c3a1d843ff77a179405bb0b HTTP/1.1" 200 155
::1 - - [14/Jan/2019:04:13:27 +0000] "GET /cars/5c3a1d843ff77a179405bb0b HTTP/1.1" 200 155
::1 - - [14/Jan/2019:04:27:51 +0000] "GET /cars/5c3a1d843ff77a179405bb0b HTTP/1.1" 200 155
::1 - - [14/Jan/2019:04:29:22 +0000] "PUT /cars/5c3a1d843ff77a179405bb0b HTTP/1.1" 200 145
::1 - - [14/Jan/2019:04:29:30 +0000] "GET /cars/5c3a1d843ff77a179405bb0b HTTP/1.1" 200 145
::1 - - [14/Jan/2019:04:40:35 +0000] "GET /cars/5c3a1db33ff77a179405bb0d HTTP/1.1" 200 151
::1 - - [14/Jan/2019:04:40:50 +0000] "PUT /cars/5c3a1d843ff77a179405bb0b HTTP/1.1" 400 257
::1 - - [14/Jan/2019:04:42:08 +0000] "GET /cars/5c3a1db33ff77a179405bb0d HTTP/1.1" 200 151
::1 - - [14/Jan/2019:04:42:12 +0000] "PATCH /cars/5c3a1d843ff77a179405bb0b HTTP/1.1" 200 156
::1 - - [14/Jan/2019:04:42:40 +0000] "GET /cars/5c3a1db33ff77a179405bb0d HTTP/1.1" 200 151
::1 - - [14/Jan/2019:04:42:49 +0000] "PATCH /cars/5c3a1db33ff77a179405bb0d HTTP/1.1" 200 161
::1 - - [14/Jan/2019:04:43:00 +0000] "GET /cars/5c3a1db33ff77a179405bb0d HTTP/1.1" 200 161
::1 - - [14/Jan/2019:05:08:54 +0000] "GET /cars HTTP/1.1" 200 1654
::1 - - [14/Jan/2019:05:09:14 +0000] "DELETE /cars/5c3a1d843ff77a179405bb0b HTTP/1.1" 200 16
::1 - - [14/Jan/2019:05:09:24 +0000] "GET /cars HTTP/1.1" 200 1505
::1 - - [14/Jan/2019:05:10:02 +0000] "DELETE /cars/5c3a1eb7e8a2964174a123a7 HTTP/1.1" 200 16
::1 - - [14/Jan/2019:05:10:05 +0000] "GET /cars HTTP/1.1" 200 1364
::1 - - [14/Jan/2019:05:10:17 +0000] "DELETE /cars/5c3a1eb7e8a2964174a123a7 HTTP/1.1" 500 12
::1 - - [14/Jan/2019:05:14:04 +0000] "DELETE /cars/5c3a1eb7e8a2964174a123a7 HTTP/1.1" 200 37
::1 - - [14/Jan/2019:05:17:22 +0000] "DELETE /cars/5c3a1eb7e8a2964174a123a7 HTTP/1.1" 200 37
::1 - - [14/Jan/2019:05:17:39 +0000] "DELETE /cars/5c3a1f9a470ab1178ce747da HTTP/1.1" 200 16
::1 - - [14/Jan/2019:05:17:53 +0000] "DELETE /cars/5c3a1f9a470ab1178ce747da HTTP/1.1" 200 37
::1 - - [14/Jan/2019:05:19:15 +0000] "GET /cars HTTP/1.1" 200 1216
::1 - - [14/Jan/2019:05:19:23 +0000] "DELETE /cars/5c3a1ffaed2a0a4a9447d606 HTTP/1.1" 200 16
::1 - - [14/Jan/2019:05:19:26 +0000] "GET /cars HTTP/1.1" 200 1068
::1 - - [14/Jan/2019:05:19:35 +0000] "DELETE /cars/5c3b43de72bf5c5a80ee0b98 HTTP/1.1" 500 12
::1 - - [14/Jan/2019:05:19:57 +0000] "GET /cars HTTP/1.1" 200 956
::1 - - [14/Jan/2019:05:20:08 +0000] "DELETE /cars/5c3b4589e7ba204f04f02e3c HTTP/1.1" 200 16
::1 - - [14/Jan/2019:05:20:16 +0000] "DELETE /cars/5c3b4589e7ba204f04f02e3c HTTP/1.1" 200 37
::1 - - [14/Jan/2019:05:20:29 +0000] "GET /cars HTTP/1.1" 200 822
::1 - - [14/Jan/2019:05:20:40 +0000] "DELETE /cars/5c3b45f4e69db65cc852d037 HTTP/1.1" 200 16
::1 - - [14/Jan/2019:05:20:43 +0000] "GET /cars HTTP/1.1" 200 685
::1 - - [14/Jan/2019:05:20:46 +0000] "DELETE /cars/5c3b45f4e69db65cc852d037 HTTP/1.1" 200 37
::1 - - [14/Jan/2019:05:21:40 +0000] "DELETE /cars/5c3b45f4e69db65cc852d037 HTTP/1.1" 404 39
::1 - - [14/Jan/2019:05:23:31 +0000] "DELETE /cars/5c3b45f4e69db65cc852d037 HTTP/1.1" 404 39
::1 - - [14/Jan/2019:05:24:32 +0000] "GET /cars HTTP/1.1" 200 685
::1 - - [14/Jan/2019:08:23:33 +0000] "GET /users HTTP/1.1" 200 1472
::1 - - [14/Jan/2019:08:23:43 +0000] "GET /users/5c3984a7781ef30e0c984797 HTTP/1.1" 200 261
::1 - - [14/Jan/2019:08:29:08 +0000] "DELETE /users/5c3984a7781ef30e0c984797 HTTP/1.1" 404 33
::1 - - [14/Jan/2019:08:31:18 +0000] "DELETE /users/5c3984a7781ef30e0c984797 HTTP/1.1" 500 12
::1 - - [14/Jan/2019:08:31:40 +0000] "GET /users HTTP/1.1" 200 1472
::1 - - [14/Jan/2019:08:31:55 +0000] "DELETE /users/5c3984a7781ef30e0c984797 HTTP/1.1" 500 12
::1 - - [14/Jan/2019:08:38:19 +0000] "DELETE /users/5c3984a7781ef30e0c984797 HTTP/1.1" 500 12
::1 - - [14/Jan/2019:08:38:36 +0000] "DELETE /users/5c3984a7781ef30e0c984797 HTTP/1.1" 500 12
::1 - - [14/Jan/2019:08:50:57 +0000] "DELETE /users/5c3984a7781ef30e0c984797 HTTP/1.1" - -
::1 - - [14/Jan/2019:08:59:31 +0000] "DELETE /users/5c3984a7781ef30e0c984797 HTTP/1.1" 500 12
::1 - - [14/Jan/2019:09:01:07 +0000] "GET /users/5c3984a7781ef30e0c984797 HTTP/1.1" 200 261
::1 - - [14/Jan/2019:09:01:17 +0000] "DELETE /users/5c3984a7781ef30e0c984797 HTTP/1.1" 500 12
::1 - - [14/Jan/2019:09:01:51 +0000] "DELETE /users/5c3984a7781ef30e0c984797 HTTP/1.1" 500 12
::1 - - [14/Jan/2019:09:03:23 +0000] "DELETE /users/5c3984a7781ef30e0c984797 HTTP/1.1" 500 12
::1 - - [14/Jan/2019:09:03:50 +0000] "GET /users/5c3984a7781ef30e0c984797 HTTP/1.1" 200 261
::1 - - [14/Jan/2019:09:03:58 +0000] "GET /users/5c3984a7781ef30e0c984797 HTTP/1.1" 200 261
::1 - - [14/Jan/2019:09:04:29 +0000] "GET /users/5c3984a7781ef30e0c984797 HTTP/1.1" 200 261
::1 - - [14/Jan/2019:09:05:37 +0000] "GET /users/5c3984a7781ef30e0c984797 HTTP/1.1" 200 13
::1 - - [14/Jan/2019:09:06:18 +0000] "GET /users/5c3984a7781ef30e0c984797 HTTP/1.1" 200 13
::1 - - [14/Jan/2019:09:06:21 +0000] "GET /users HTTP/1.1" 200 1219
::1 - - [14/Jan/2019:09:08:16 +0000] "GET /users HTTP/1.1" 200 152
::1 - - [14/Jan/2019:09:08:26 +0000] "GET /users/5c3984a7781ef30e0c984797 HTTP/1.1" 200 13
::1 - - [14/Jan/2019:09:08:34 +0000] "GET /users/5c3b20ee1af5965e045db0df HTTP/1.1" 200 150
::1 - - [14/Jan/2019:09:08:41 +0000] "DELETE /users/5c3984a7781ef30e0c984797 HTTP/1.1" 404 40
::1 - - [14/Jan/2019:09:10:29 +0000] "POST /users HTTP/1.1" 201 128
::1 - - [14/Jan/2019:09:10:40 +0000] "GET /users HTTP/1.1" 200 272
::1 - - [14/Jan/2019:09:11:03 +0000] "GET /cars HTTP/1.1" 200 152
::1 - - [14/Jan/2019:09:12:04 +0000] "GET /cars HTTP/1.1" 200 152
::1 - - [14/Jan/2019:09:12:28 +0000] "POST /users HTTP/1.1" 201 124
::1 - - [14/Jan/2019:09:12:49 +0000] "POST /users HTTP/1.1" 201 127
::1 - - [14/Jan/2019:09:12:58 +0000] "GET /users HTTP/1.1" 200 507
::1 - - [14/Jan/2019:09:13:13 +0000] "GET /users/5c3c527c64f03666ac4e3573 HTTP/1.1" 200 124
::1 - - [14/Jan/2019:09:13:33 +0000] "GET /cars HTTP/1.1" 200 152
::1 - - [14/Jan/2019:09:13:42 +0000] "POST /cars/ HTTP/1.1" 201 145
::1 - - [14/Jan/2019:09:13:45 +0000] "GET /cars HTTP/1.1" 200 290
::1 - - [14/Jan/2019:09:13:50 +0000] "GET /users HTTP/1.1" 200 533
::1 - - [14/Jan/2019:09:14:10 +0000] "POST /cars/ HTTP/1.1" 201 143
::1 - - [14/Jan/2019:09:14:14 +0000] "GET /cars HTTP/1.1" 200 426
::1 - - [14/Jan/2019:09:14:38 +0000] "POST /cars/ HTTP/1.1" 201 145
::1 - - [14/Jan/2019:09:14:55 +0000] "GET /users HTTP/1.1" 200 587
::1 - - [14/Jan/2019:09:15:06 +0000] "POST /cars/ HTTP/1.1" 201 145
::1 - - [14/Jan/2019:09:15:17 +0000] "POST /cars/ HTTP/1.1" 201 144
::1 - - [14/Jan/2019:09:15:28 +0000] "GET /users HTTP/1.1" 200 640
::1 - - [14/Jan/2019:09:15:53 +0000] "POST /cars/ HTTP/1.1" 201 145
::1 - - [14/Jan/2019:09:15:57 +0000] "GET /cars HTTP/1.1" 200 977
::1 - - [14/Jan/2019:09:16:01 +0000] "GET /users HTTP/1.1" 200 666
::1 - - [14/Jan/2019:09:18:11 +0000] "GET /cars HTTP/1.1" 200 977
::1 - - [14/Jan/2019:09:18:30 +0000] "DELETE /users/5c3984a7781ef30e0c984797 HTTP/1.1" 404 40
::1 - - [14/Jan/2019:09:18:55 +0000] "DELETE /users/5c3c527c64f03666ac4e3573 HTTP/1.1" - -
::1 - - [14/Jan/2019:09:39:45 +0000] "DELETE /users/5c3c527c64f03666ac4e3573 HTTP/1.1" - -
::1 - - [14/Jan/2019:09:45:50 +0000] "GET /cars HTTP/1.1" 200 977
::1 - - [14/Jan/2019:09:47:29 +0000] "GET /cars HTTP/1.1" 200 977
::1 - - [14/Jan/2019:09:47:57 +0000] "DELETE /cars/5c3b473e250aad342c420e11 HTTP/1.1" 200 16
::1 - - [14/Jan/2019:09:48:12 +0000] "GET /cars HTTP/1.1" 200 839
::1 - - [14/Jan/2019:09:48:28 +0000] "DELETE /cars/5c3b473e250aad342c420e11 HTTP/1.1" 404 39
::1 - - [14/Jan/2019:09:49:47 +0000] "DELETE /cars/5c3c52c664f03666ac4e3575 HTTP/1.1" 200 16
::1 - - [14/Jan/2019:09:50:02 +0000] "GET /cars HTTP/1.1" 200 701
::1 - - [14/Jan/2019:09:52:22 +0000] "GET /users HTTP/1.1" 200 613
::1 - - [14/Jan/2019:09:52:48 +0000] "GET /users HTTP/1.1" 200 613
::1 - - [14/Jan/2019:09:53:08 +0000] "DELETE /users/5c3c529164f03666ac4e3574 HTTP/1.1" - -
::1 - - [14/Jan/2019:10:11:41 +0000] "GET /users/5c3c527c64f03666ac4e3573 HTTP/1.1" 200 177
::1 - - [14/Jan/2019:10:12:07 +0000] "DELETE /users/5c3c527c64f03666ac4e3573 HTTP/1.1" 200 16
::1 - - [14/Jan/2019:10:12:58 +0000] "GET /users/5c3c527c64f03666ac4e3573 HTTP/1.1" 200 13
::1 - - [14/Jan/2019:10:13:09 +0000] "GET /cars HTTP/1.1" 200 426
::1 - - [14/Jan/2019:10:13:42 +0000] "GET /cars HTTP/1.1" 200 426
::1 - - [14/Jan/2019:10:14:52 +0000] "GET /users/ HTTP/1.1" 200 444
::1 - - [14/Jan/2019:10:15:02 +0000] "GET /users/5c3b20ee1af5965e045db0df HTTP/1.1" 200 124
::1 - - [14/Jan/2019:10:15:08 +0000] "DELETE /users/5c3c527c64f03666ac4e3573 HTTP/1.1" 404 40
::1 - - [14/Jan/2019:10:15:46 +0000] "GET /users/5c3b20ee1af5965e045db0df HTTP/1.1" 200 124
::1 - - [14/Jan/2019:10:15:58 +0000] "DELETE /users/5c3b20ee1af5965e045db0df HTTP/1.1" 200 16
::1 - - [14/Jan/2019:10:16:04 +0000] "GET /users/5c3b20ee1af5965e045db0df HTTP/1.1" 200 13
::1 - - [14/Jan/2019:10:16:10 +0000] "GET /users/ HTTP/1.1" 200 328
::1 - - [14/Jan/2019:10:17:00 +0000] "GET /cars HTTP/1.1" 200 426
::1 - - [14/Jan/2019:10:19:52 +0000] "DELETE /users/5c3c520564f03666ac4e3572 HTTP/1.1" 200 16
::1 - - [14/Jan/2019:10:20:00 +0000] "GET /cars HTTP/1.1" 200 152
::1 - - [14/Jan/2019:10:28:05 +0000] "GET / HTTP/1.1" 200 30
::1 - - [14/Jan/2019:10:28:06 +0000] "GET /favicon.ico HTTP/1.1" 404 33
::1 - - [14/Jan/2019:10:30:48 +0000] "GET /users HTTP/1.1" 200 155
::1 - - [14/Jan/2019:10:31:08 +0000] "GET /users/5c3c529164f03666ac4e3574 HTTP/1.1" 200 153
::1 - - [14/Jan/2019:10:31:22 +0000] "GET /users/5c3c529164f03666ac4e3574 HTTP/1.1" 304 -
::1 - - [14/Jan/2019:10:31:37 +0000] "GET /users/ HTTP/1.1" 200 155
::1 - - [14/Jan/2019:10:31:46 +0000] "GET /cars HTTP/1.1" 200 152
::1 - - [14/Jan/2019:10:32:47 +0000] "POST /cars/ HTTP/1.1" 201 146
::1 - - [14/Jan/2019:10:33:16 +0000] "GET /cars HTTP/1.1" 200 291
::1 - - [14/Jan/2019:10:33:30 +0000] "GET /users/ HTTP/1.1" 200 182
::1 - - [14/Jan/2019:10:33:55 +0000] "POST /users HTTP/1.1" 201 128
::1 - - [14/Jan/2019:10:33:59 +0000] "GET /users/ HTTP/1.1" 200 302
::1 - - [14/Jan/2019:10:34:28 +0000] "POST /users HTTP/1.1" 201 128
::1 - - [14/Jan/2019:10:35:02 +0000] "GET /users/5c3c529164f03666ac4e3574 HTTP/1.1" 200 180
::1 - - [14/Jan/2019:10:35:09 +0000] "GET /users/ HTTP/1.1" 200 422
::1 - - [14/Jan/2019:10:35:24 +0000] "GET /cars HTTP/1.1" 200 291
::1 - - [14/Jan/2019:10:35:56 +0000] "GET / HTTP/1.1" 304 -
::1 - - [14/Jan/2019:10:36:02 +0000] "GET / HTTP/1.1" 304 -
::1 - - [14/Jan/2019:10:36:29 +0000] "GET / HTTP/1.1" 304 -
::1 - - [14/Jan/2019:10:36:34 +0000] "GET / HTTP/1.1" 304 -
::1 - - [14/Jan/2019:10:36:47 +0000] "GET /cars HTTP/1.1" 304 -
::1 - - [14/Jan/2019:10:36:57 +0000] "GET /cars HTTP/1.1" 304 -
::1 - - [14/Jan/2019:10:47:05 +0000] "GET /cars HTTP/1.1" 200 291
::1 - - [14/Jan/2019:10:47:05 +0000] "POST /cars/ HTTP/1.1" 500 12
::1 - - [14/Jan/2019:10:47:05 +0000] "PUT /cars/5c3a1d843ff77a179405bb0b HTTP/1.1" 200 12
::1 - - [14/Jan/2019:10:47:05 +0000] "PATCH /cars/5c3a1db33ff77a179405bb0d HTTP/1.1" 200 15
::1 - - [14/Jan/2019:10:47:05 +0000] "GET /cars/5c3a1db33ff77a179405bb0d HTTP/1.1" 200 15
::1 - - [14/Jan/2019:10:47:05 +0000] "DELETE /cars/5c3c52c664f03666ac4e3575 HTTP/1.1" 404 39
::1 - - [14/Jan/2019:10:47:05 +0000] "GET / HTTP/1.1" 200 30
::1 - - [14/Jan/2019:10:47:05 +0000] "GET /users HTTP/1.1" 200 422
::1 - - [14/Jan/2019:10:47:05 +0000] "POST /users HTTP/1.1" 201 127
::1 - - [14/Jan/2019:10:47:06 +0000] "GET /users/5c3c527c64f03666ac4e3573 HTTP/1.1" 200 13
::1 - - [14/Jan/2019:10:47:06 +0000] "PUT /users/5c3a1fcb37c282045884d15d HTTP/1.1" 200 13
::1 - - [14/Jan/2019:10:47:06 +0000] "PATCH /users/5c3a1fcb37c282045884d15d HTTP/1.1" 500 12
::1 - - [14/Jan/2019:10:48:40 +0000] "GET /cars HTTP/1.1" 200 407
::1 - - [14/Jan/2019:10:48:41 +0000] "POST /cars/ HTTP/1.1" 500 12
::1 - - [14/Jan/2019:10:48:41 +0000] "PUT /cars/5c3a1d843ff77a179405bb0b HTTP/1.1" 200 12
::1 - - [14/Jan/2019:10:48:41 +0000] "PATCH /cars/5c3a1db33ff77a179405bb0d HTTP/1.1" 200 15
::1 - - [14/Jan/2019:10:48:41 +0000] "GET /cars/5c3a1db33ff77a179405bb0d HTTP/1.1" 200 15
::1 - - [14/Jan/2019:10:48:41 +0000] "DELETE /cars/5c3c52c664f03666ac4e3575 HTTP/1.1" 404 39
::1 - - [14/Jan/2019:10:48:41 +0000] "GET / HTTP/1.1" 200 30
::1 - - [14/Jan/2019:10:48:41 +0000] "GET /users HTTP/1.1" 200 541
::1 - - [14/Jan/2019:10:48:41 +0000] "POST /users HTTP/1.1" 201 127
::1 - - [14/Jan/2019:10:48:41 +0000] "GET /users/5c3c527c64f03666ac4e3573 HTTP/1.1" 200 13
::1 - - [14/Jan/2019:10:48:41 +0000] "PUT /users/5c3a1fcb37c282045884d15d HTTP/1.1" 200 13
::1 - - [14/Jan/2019:10:48:41 +0000] "PATCH /users/5c3a1fcb37c282045884d15d HTTP/1.1" 500 12
::1 - - [14/Jan/2019:10:50:35 +0000] "POST /users HTTP/1.1" 201 124
::1 - - [14/Jan/2019:10:50:41 +0000] "GET /users/5c3b20ee1af5965e045db0df/cars HTTP/1.1" - -
::1 - - [14/Jan/2019:10:52:38 +0000] "GET / HTTP/1.1" 200 30
::1 - - [14/Jan/2019:10:52:38 +0000] "GET /users HTTP/1.1" 200 776
::1 - - [14/Jan/2019:10:52:38 +0000] "POST /users HTTP/1.1" 200 127
::1 - - [14/Jan/2019:10:52:38 +0000] "GET /users/5c3c527c64f03666ac4e3573 HTTP/1.1" 200 13
::1 - - [14/Jan/2019:10:52:38 +0000] "PUT /users/5c3a1fcb37c282045884d15d HTTP/1.1" 200 13
::1 - - [14/Jan/2019:10:52:38 +0000] "PATCH /users/5c3a1fcb37c282045884d15d HTTP/1.1" 500 12
::1 - - [14/Jan/2019:10:54:38 +0000] "GET /users/5c3b20ee1af5965e045db0df/cars HTTP/1.1" - -
::1 - - [14/Jan/2019:10:55:07 +0000] "GET /users/ HTTP/1.1" 200 895
::1 - - [14/Jan/2019:10:55:43 +0000] "PATCH /users/5c3c65b46b0efa73fcdde881 HTTP/1.1" 200 129
::1 - - [14/Jan/2019:10:56:00 +0000] "POST /users HTTP/1.1" 200 124
::1 - - [14/Jan/2019:10:56:14 +0000] "GET / HTTP/1.1" 200 30
::1 - - [14/Jan/2019:10:56:14 +0000] "GET /users HTTP/1.1" 200 1011
::1 - - [14/Jan/2019:10:56:14 +0000] "POST /users HTTP/1.1" 200 127
::1 - - [14/Jan/2019:10:56:14 +0000] "GET /users/5c3c527c64f03666ac4e3573 HTTP/1.1" 200 13
::1 - - [14/Jan/2019:10:56:15 +0000] "PUT /users/5c3a1fcb37c282045884d15d HTTP/1.1" 200 13
::1 - - [14/Jan/2019:10:56:15 +0000] "PATCH /users/5c3a1fcb37c282045884d15d HTTP/1.1" 500 12
::1 - - [14/Jan/2019:10:58:15 +0000] "GET /users/5c3b20ee1af5965e045db0df/cars HTTP/1.1" - -
::1 - - [14/Jan/2019:11:05:57 +0000] "GET / HTTP/1.1" 200 30
::1 - - [14/Jan/2019:11:05:57 +0000] "GET /users/ HTTP/1.1" 200 1130
::1 - - [14/Jan/2019:11:05:57 +0000] "POST /users HTTP/1.1" 200 124
::1 - - [14/Jan/2019:11:05:58 +0000] "GET /users/5c3c527c64f03666ac4e3573 HTTP/1.1" 200 13
::1 - - [14/Jan/2019:11:05:58 +0000] "PUT /users/5c3a1fcb37c282045884d15d HTTP/1.1" 200 13
::1 - - [14/Jan/2019:11:05:58 +0000] "PATCH /users/5c3c65b46b0efa73fcdde881 HTTP/1.1" 200 129
::1 - - [14/Jan/2019:11:07:58 +0000] "GET /users/5c3b20ee1af5965e045db0df/cars HTTP/1.1" - -
::1 - - [14/Jan/2019:11:12:35 +0000] "GET /cars HTTP/1.1" 200 523
::1 - - [14/Jan/2019:11:12:35 +0000] "POST /cars/ HTTP/1.1" 201 146
::1 - - [14/Jan/2019:11:12:35 +0000] "PUT /cars/5c3a1d843ff77a179405bb0b HTTP/1.1" 200 12
::1 - - [14/Jan/2019:11:12:35 +0000] "PATCH /cars/5c3a1db33ff77a179405bb0d HTTP/1.1" 200 15
::1 - - [14/Jan/2019:11:12:35 +0000] "GET /cars/5c3a1db33ff77a179405bb0d HTTP/1.1" 200 15
::1 - - [14/Jan/2019:11:12:35 +0000] "DELETE /cars/5c3c52c664f03666ac4e3575 HTTP/1.1" 404 39
::1 - - [14/Jan/2019:11:13:23 +0000] "GET / HTTP/1.1" 304 -
::1 - - [14/Jan/2019:11:15:00 +0000] "GET / HTTP/1.1" 304 -
::1 - - [14/Jan/2019:11:15:39 +0000] "GET / HTTP/1.1" 200 30
::1 - - [14/Jan/2019:11:33:31 +0000] "GET / HTTP/1.1" 200 30
::1 - - [14/Jan/2019:11:36:02 +0000] "GET /index HTTP/1.1" 404 33
::1 - - [14/Jan/2019:11:36:13 +0000] "GET / HTTP/1.1" 304 -
::1 - - [14/Jan/2019:11:36:27 +0000] "GET / HTTP/1.1" 200 30
::1 - - [14/Jan/2019:11:37:36 +0000] "GET / HTTP/1.1" 304 -
::1 - - [14/Jan/2019:11:37:42 +0000] "GET /user HTTP/1.1" 404 33
::1 - - [14/Jan/2019:11:37:51 +0000] "GET /users HTTP/1.1" 200 1273
::1 - - [14/Jan/2019:11:41:06 +0000] "GET /user HTTP/1.1" 404 33
::1 - - [14/Jan/2019:11:41:28 +0000] "GET /users HTTP/1.1" 304 -
::1 - - [14/Jan/2019:11:41:34 +0000] "GET /index HTTP/1.1" 404 33
::1 - - [14/Jan/2019:11:43:19 +0000] "GET /index HTTP/1.1" 404 29
::1 - - [14/Jan/2019:11:45:05 +0000] "GET /users HTTP/1.1" 304 -
::1 - - [14/Jan/2019:11:45:05 +0000] "GET /index HTTP/1.1" - -
::1 - - [14/Jan/2019:11:45:26 +0000] "GET /users/5c3c529164f03666ac4e3574 HTTP/1.1" 200 207
::1 - - [14/Jan/2019:11:47:01 +0000] "GET /users/5c3c529164f03666ac4e3574/cars HTTP/1.1" 200 417
::1 - - [14/Jan/2019:11:48:16 +0000] "GET /cars HTTP/1.1" 200 662
::1 - - [14/Jan/2019:11:49:10 +0000] "GET /cars/5c3c534964f03666ac4e357c HTTP/1.1" 200 145
